::1 - - [28/Jun/2023:07:05:29 +0000] "POST /login HTTP/1.1" 200 262 "-" "PostmanRuntime/7.32.2"
::1 - - [28/Jun/2023:07:05:29 +0000] "POST /login HTTP/1.1" 200 262 "-" "PostmanRuntime/7.32.2"
::1 - - [28/Jun/2023:07:05:33 +0000] "POST /signup HTTP/1.1" 400 39 "-" "PostmanRuntime/7.32.2"
::1 - - [28/Jun/2023:07:05:33 +0000] "POST /signup HTTP/1.1" 400 39 "-" "PostmanRuntime/7.32.2"
::1 - - [28/Jun/2023:07:05:43 +0000] "POST /signup HTTP/1.1" 400 39 "-" "PostmanRuntime/7.32.2"
::1 - - [28/Jun/2023:07:05:43 +0000] "POST /signup HTTP/1.1" 400 39 "-" "PostmanRuntime/7.32.2"
::1 - - [28/Jun/2023:07:11:40 +0000] "POST /login HTTP/1.1" 200 262 "-" "PostmanRuntime/7.32.2"
::1 - - [28/Jun/2023:07:11:40 +0000] "POST /login HTTP/1.1" 200 262 "-" "PostmanRuntime/7.32.2"
::1 - - [28/Jun/2023:07:44:43 +0000] "POST /create HTTP/1.1" 401 12 "-" "PostmanRuntime/7.32.2"
::1 - - [28/Jun/2023:07:44:55 +0000] "POST /create HTTP/1.1" 200 46 "-" "PostmanRuntime/7.32.2"
::1 - - [28/Jun/2023:07:44:55 +0000] "POST /create HTTP/1.1" 200 46 "-" "PostmanRuntime/7.32.2"
::1 - - [28/Jun/2023:07:44:58 +0000] "POST /create HTTP/1.1" 400 58 "-" "PostmanRuntime/7.32.2"
::1 - - [28/Jun/2023:07:44:58 +0000] "POST /create HTTP/1.1" 400 58 "-" "PostmanRuntime/7.32.2"
::1 - - [29/Jun/2023:04:14:00 +0000] "POST /create HTTP/1.1" 400 58 "-" "PostmanRuntime/7.32.2"
::1 - - [29/Jun/2023:04:14:00 +0000] "POST /create HTTP/1.1" 400 58 "-" "PostmanRuntime/7.32.2"
::1 - - [29/Jun/2023:04:14:10 +0000] "POST /create HTTP/1.1" 200 46 "-" "PostmanRuntime/7.32.2"
::1 - - [29/Jun/2023:04:14:10 +0000] "POST /create HTTP/1.1" 200 46 "-" "PostmanRuntime/7.32.2"
::1 - - [29/Jun/2023:04:17:16 +0000] "POST /create HTTP/1.1" 200 46 "-" "PostmanRuntime/7.32.2"
::1 - - [29/Jun/2023:04:17:16 +0000] "POST /create HTTP/1.1" 200 46 "-" "PostmanRuntime/7.32.2"
::1 - - [29/Jun/2023:04:18:42 +0000] "POST /create HTTP/1.1" 200 46 "-" "PostmanRuntime/7.32.2"
::1 - - [29/Jun/2023:04:18:42 +0000] "POST /create HTTP/1.1" 200 46 "-" "PostmanRuntime/7.32.2"
::1 - - [29/Jun/2023:04:19:55 +0000] "POST /create HTTP/1.1" 200 46 "-" "PostmanRuntime/7.32.2"
::1 - - [29/Jun/2023:04:19:55 +0000] "POST /create HTTP/1.1" 200 46 "-" "PostmanRuntime/7.32.2"
::1 - - [29/Jun/2023:04:20:56 +0000] "POST /create HTTP/1.1" 400 58 "-" "PostmanRuntime/7.32.2"
::1 - - [29/Jun/2023:04:20:56 +0000] "POST /create HTTP/1.1" 400 58 "-" "PostmanRuntime/7.32.2"
::1 - - [29/Jun/2023:04:21:20 +0000] "POST /create HTTP/1.1" 400 58 "-" "PostmanRuntime/7.32.2"
::1 - - [29/Jun/2023:04:21:20 +0000] "POST /create HTTP/1.1" 400 58 "-" "PostmanRuntime/7.32.2"
::1 - - [29/Jun/2023:04:21:43 +0000] "POST /create HTTP/1.1" 400 58 "-" "PostmanRuntime/7.32.2"
::1 - - [29/Jun/2023:04:21:43 +0000] "POST /create HTTP/1.1" 400 58 "-" "PostmanRuntime/7.32.2"
::1 - - [29/Jun/2023:04:22:15 +0000] "POST /create HTTP/1.1" 200 46 "-" "PostmanRuntime/7.32.2"
::1 - - [29/Jun/2023:04:22:15 +0000] "POST /create HTTP/1.1" 200 46 "-" "PostmanRuntime/7.32.2"
::1 - - [29/Jun/2023:04:30:38 +0000] "GET /get HTTP/1.1" 404 21 "-" "PostmanRuntime/7.32.2"
::1 - - [29/Jun/2023:04:30:38 +0000] "GET /get HTTP/1.1" 404 21 "-" "PostmanRuntime/7.32.2"
::1 - - [29/Jun/2023:04:31:33 +0000] "GET /get HTTP/1.1" 404 21 "-" "PostmanRuntime/7.32.2"
::1 - - [29/Jun/2023:04:31:33 +0000] "GET /get HTTP/1.1" 404 21 "-" "PostmanRuntime/7.32.2"
::1 - - [29/Jun/2023:04:31:52 +0000] "GET /get HTTP/1.1" 404 21 "-" "PostmanRuntime/7.32.2"
::1 - - [29/Jun/2023:04:31:52 +0000] "GET /get HTTP/1.1" 404 21 "-" "PostmanRuntime/7.32.2"
::1 - - [29/Jun/2023:04:32:06 +0000] "GET /get HTTP/1.1" 404 21 "-" "PostmanRuntime/7.32.2"
::1 - - [29/Jun/2023:04:32:06 +0000] "GET /get HTTP/1.1" 404 21 "-" "PostmanRuntime/7.32.2"
::1 - - [29/Jun/2023:04:32:08 +0000] "GET /get HTTP/1.1" 404 21 "-" "PostmanRuntime/7.32.2"
::1 - - [29/Jun/2023:04:32:08 +0000] "GET /get HTTP/1.1" 404 21 "-" "PostmanRuntime/7.32.2"
::1 - - [29/Jun/2023:05:07:22 +0000] "GET /get HTTP/1.1" 404 21 "-" "PostmanRuntime/7.32.2"
::1 - - [29/Jun/2023:05:07:22 +0000] "GET /get HTTP/1.1" 404 21 "-" "PostmanRuntime/7.32.2"
::1 - - [29/Jun/2023:05:07:24 +0000] "GET /get HTTP/1.1" 404 21 "-" "PostmanRuntime/7.32.2"
::1 - - [29/Jun/2023:05:07:24 +0000] "GET /get HTTP/1.1" 404 21 "-" "PostmanRuntime/7.32.2"
::1 - - [29/Jun/2023:05:08:51 +0000] "GET /getlist HTTP/1.1" 404 21 "-" "PostmanRuntime/7.32.2"
::1 - - [29/Jun/2023:05:08:51 +0000] "GET /getlist HTTP/1.1" 404 21 "-" "PostmanRuntime/7.32.2"
::1 - - [29/Jun/2023:05:09:27 +0000] "GET /getlist HTTP/1.1" 200 2 "-" "PostmanRuntime/7.32.2"
::1 - - [29/Jun/2023:05:09:27 +0000] "GET /getlist HTTP/1.1" 200 2 "-" "PostmanRuntime/7.32.2"
::1 - - [29/Jun/2023:05:10:33 +0000] "GET /getlist HTTP/1.1" 200 2 "-" "PostmanRuntime/7.32.2"
::1 - - [29/Jun/2023:05:10:33 +0000] "GET /getlist HTTP/1.1" 200 2 "-" "PostmanRuntime/7.32.2"
::1 - - [29/Jun/2023:05:12:09 +0000] "GET /getlist HTTP/1.1" 500 31 "-" "PostmanRuntime/7.32.2"
::1 - - [29/Jun/2023:05:12:09 +0000] "GET /getlist HTTP/1.1" 500 31 "-" "PostmanRuntime/7.32.2"
::1 - - [29/Jun/2023:05:12:46 +0000] "GET /getlist HTTP/1.1" 200 6 "-" "PostmanRuntime/7.32.2"
::1 - - [29/Jun/2023:05:12:46 +0000] "GET /getlist HTTP/1.1" 200 6 "-" "PostmanRuntime/7.32.2"
::1 - - [29/Jun/2023:05:16:50 +0000] "GET /getlist HTTP/1.1" 500 31 "-" "PostmanRuntime/7.32.2"
::1 - - [29/Jun/2023:05:16:50 +0000] "GET /getlist HTTP/1.1" 500 31 "-" "PostmanRuntime/7.32.2"
::1 - - [29/Jun/2023:05:17:08 +0000] "GET /getlist HTTP/1.1" 200 0 "-" "PostmanRuntime/7.32.2"
::1 - - [29/Jun/2023:05:17:08 +0000] "GET /getlist HTTP/1.1" 200 0 "-" "PostmanRuntime/7.32.2"
::1 - - [29/Jun/2023:05:17:12 +0000] "GET /getlist HTTP/1.1" 200 0 "-" "PostmanRuntime/7.32.2"
::1 - - [29/Jun/2023:05:17:12 +0000] "GET /getlist HTTP/1.1" 200 0 "-" "PostmanRuntime/7.32.2"
::1 - - [29/Jun/2023:05:18:09 +0000] "GET /getlist HTTP/1.1" 200 7 "-" "PostmanRuntime/7.32.2"
::1 - - [29/Jun/2023:05:18:09 +0000] "GET /getlist HTTP/1.1" 200 7 "-" "PostmanRuntime/7.32.2"
::1 - - [29/Jun/2023:05:18:12 +0000] "GET /getlist HTTP/1.1" 200 7 "-" "PostmanRuntime/7.32.2"
::1 - - [29/Jun/2023:05:18:12 +0000] "GET /getlist HTTP/1.1" 200 7 "-" "PostmanRuntime/7.32.2"
::1 - - [29/Jun/2023:05:18:34 +0000] "GET /getlist HTTP/1.1" 200 11 "-" "PostmanRuntime/7.32.2"
::1 - - [29/Jun/2023:05:18:34 +0000] "GET /getlist HTTP/1.1" 200 11 "-" "PostmanRuntime/7.32.2"
::1 - - [29/Jun/2023:05:20:49 +0000] "GET /getlist HTTP/1.1" 200 11 "-" "PostmanRuntime/7.32.2"
::1 - - [29/Jun/2023:05:20:49 +0000] "GET /getlist HTTP/1.1" 200 11 "-" "PostmanRuntime/7.32.2"
::1 - - [29/Jun/2023:05:20:58 +0000] "GET /getlist HTTP/1.1" 200 688 "-" "PostmanRuntime/7.32.2"
::1 - - [29/Jun/2023:05:20:58 +0000] "GET /getlist HTTP/1.1" 200 688 "-" "PostmanRuntime/7.32.2"
::1 - - [29/Jun/2023:05:22:41 +0000] "GET /getlist HTTP/1.1" 200 688 "-" "PostmanRuntime/7.32.2"
::1 - - [29/Jun/2023:05:23:48 +0000] "GET /getlist HTTP/1.1" 200 688 "-" "PostmanRuntime/7.32.2"
::1 - - [29/Jun/2023:05:24:48 +0000] "GET /getlist HTTP/1.1" 200 688 "-" "PostmanRuntime/7.32.2"
::1 - - [29/Jun/2023:05:25:24 +0000] "GET /getlist HTTP/1.1" 200 688 "-" "PostmanRuntime/7.32.2"
::1 - - [29/Jun/2023:05:25:46 +0000] "GET /getlist HTTP/1.1" 200 688 "-" "PostmanRuntime/7.32.2"
::1 - - [29/Jun/2023:05:26:22 +0000] "GET /getlist HTTP/1.1" 200 688 "-" "PostmanRuntime/7.32.2"
::1 - - [29/Jun/2023:05:28:15 +0000] "GET /getlist HTTP/1.1" 200 688 "-" "PostmanRuntime/7.32.2"
::1 - - [29/Jun/2023:05:28:15 +0000] "GET /getlist HTTP/1.1" 200 688 "-" "PostmanRuntime/7.32.2"
::1 - - [29/Jun/2023:05:28:24 +0000] "GET /getlist HTTP/1.1" 200 688 "-" "PostmanRuntime/7.32.2"
::1 - - [29/Jun/2023:05:28:24 +0000] "GET /getlist HTTP/1.1" 200 688 "-" "PostmanRuntime/7.32.2"
::1 - - [29/Jun/2023:05:28:27 +0000] "GET /getlist HTTP/1.1" 200 688 "-" "PostmanRuntime/7.32.2"
::1 - - [29/Jun/2023:05:28:27 +0000] "GET /getlist HTTP/1.1" 200 688 "-" "PostmanRuntime/7.32.2"
::1 - - [29/Jun/2023:05:28:31 +0000] "GET /getlist HTTP/1.1" 200 688 "-" "PostmanRuntime/7.32.2"
::1 - - [29/Jun/2023:05:28:31 +0000] "GET /getlist HTTP/1.1" 200 688 "-" "PostmanRuntime/7.32.2"
::1 - - [29/Jun/2023:05:28:35 +0000] "GET /getlist HTTP/1.1" 200 688 "-" "PostmanRuntime/7.32.2"
::1 - - [29/Jun/2023:05:28:35 +0000] "GET /getlist HTTP/1.1" 200 688 "-" "PostmanRuntime/7.32.2"
::1 - - [29/Jun/2023:05:29:00 +0000] "GET /getlist HTTP/1.1" 500 31 "-" "PostmanRuntime/7.32.2"
::1 - - [29/Jun/2023:05:29:00 +0000] "GET /getlist HTTP/1.1" 500 31 "-" "PostmanRuntime/7.32.2"
::1 - - [29/Jun/2023:05:29:14 +0000] "GET /getlist HTTP/1.1" 200 688 "-" "PostmanRuntime/7.32.2"
::1 - - [29/Jun/2023:05:29:14 +0000] "GET /getlist HTTP/1.1" 200 688 "-" "PostmanRuntime/7.32.2"
::1 - - [29/Jun/2023:05:29:19 +0000] "GET /getlist HTTP/1.1" 200 688 "-" "PostmanRuntime/7.32.2"
::1 - - [29/Jun/2023:05:29:19 +0000] "GET /getlist HTTP/1.1" 200 688 "-" "PostmanRuntime/7.32.2"
::1 - - [29/Jun/2023:05:36:47 +0000] "GET /getlist HTTP/1.1" 200 688 "-" "PostmanRuntime/7.32.2"
::1 - - [29/Jun/2023:05:36:47 +0000] "GET /getlist HTTP/1.1" 200 688 "-" "PostmanRuntime/7.32.2"
::1 - - [29/Jun/2023:05:37:14 +0000] "GET /getlist HTTP/1.1" 200 688 "-" "PostmanRuntime/7.32.2"
::1 - - [29/Jun/2023:05:37:14 +0000] "GET /getlist HTTP/1.1" 200 688 "-" "PostmanRuntime/7.32.2"
::1 - - [29/Jun/2023:05:38:02 +0000] "GET /getlist HTTP/1.1" 200 688 "-" "PostmanRuntime/7.32.2"
::1 - - [29/Jun/2023:05:38:02 +0000] "GET /getlist HTTP/1.1" 200 688 "-" "PostmanRuntime/7.32.2"
::1 - - [29/Jun/2023:05:38:06 +0000] "GET /getlist HTTP/1.1" 200 688 "-" "PostmanRuntime/7.32.2"
::1 - - [29/Jun/2023:05:38:06 +0000] "GET /getlist HTTP/1.1" 200 688 "-" "PostmanRuntime/7.32.2"
::1 - - [29/Jun/2023:05:39:22 +0000] "GET /getlist HTTP/1.1" 200 688 "-" "PostmanRuntime/7.32.2"
::1 - - [29/Jun/2023:05:39:22 +0000] "GET /getlist HTTP/1.1" 200 688 "-" "PostmanRuntime/7.32.2"
::1 - - [29/Jun/2023:05:39:27 +0000] "GET /getlist HTTP/1.1" 200 688 "-" "PostmanRuntime/7.32.2"
::1 - - [29/Jun/2023:05:39:27 +0000] "GET /getlist HTTP/1.1" 200 688 "-" "PostmanRuntime/7.32.2"
::1 - - [29/Jun/2023:05:39:30 +0000] "GET /getlist HTTP/1.1" 200 688 "-" "PostmanRuntime/7.32.2"
::1 - - [29/Jun/2023:05:39:30 +0000] "GET /getlist HTTP/1.1" 200 688 "-" "PostmanRuntime/7.32.2"
::1 - - [29/Jun/2023:05:39:32 +0000] "GET /getlist HTTP/1.1" 200 688 "-" "PostmanRuntime/7.32.2"
::1 - - [29/Jun/2023:05:39:32 +0000] "GET /getlist HTTP/1.1" 200 688 "-" "PostmanRuntime/7.32.2"
::1 - - [29/Jun/2023:05:39:33 +0000] "GET /getlist HTTP/1.1" 200 688 "-" "PostmanRuntime/7.32.2"
::1 - - [29/Jun/2023:05:39:33 +0000] "GET /getlist HTTP/1.1" 200 688 "-" "PostmanRuntime/7.32.2"
::1 - - [29/Jun/2023:05:40:10 +0000] "GET /getlist HTTP/1.1" 200 688 "-" "PostmanRuntime/7.32.2"
::1 - - [29/Jun/2023:05:40:10 +0000] "GET /getlist HTTP/1.1" 200 688 "-" "PostmanRuntime/7.32.2"
::1 - - [29/Jun/2023:05:40:12 +0000] "GET /getlist HTTP/1.1" 200 688 "-" "PostmanRuntime/7.32.2"
::1 - - [29/Jun/2023:05:40:12 +0000] "GET /getlist HTTP/1.1" 200 688 "-" "PostmanRuntime/7.32.2"
::1 - - [29/Jun/2023:05:40:13 +0000] "GET /getlist HTTP/1.1" 200 688 "-" "PostmanRuntime/7.32.2"
::1 - - [29/Jun/2023:05:40:13 +0000] "GET /getlist HTTP/1.1" 200 688 "-" "PostmanRuntime/7.32.2"
::1 - - [29/Jun/2023:05:40:13 +0000] "GET /getlist HTTP/1.1" 200 688 "-" "PostmanRuntime/7.32.2"
::1 - - [29/Jun/2023:05:40:13 +0000] "GET /getlist HTTP/1.1" 200 688 "-" "PostmanRuntime/7.32.2"
::1 - - [29/Jun/2023:05:40:14 +0000] "GET /getlist HTTP/1.1" 200 688 "-" "PostmanRuntime/7.32.2"
::1 - - [29/Jun/2023:05:40:14 +0000] "GET /getlist HTTP/1.1" 200 688 "-" "PostmanRuntime/7.32.2"
::1 - - [29/Jun/2023:05:51:04 +0000] "DELETE /delete/649d06f7d25a1253baaeb47b HTTP/1.1" 401 12 "-" "PostmanRuntime/7.32.2"
::1 - - [29/Jun/2023:05:51:31 +0000] "DELETE /delete/649d06f7d25a1253baaeb47b HTTP/1.1" 200 50 "-" "PostmanRuntime/7.32.2"
::1 - - [29/Jun/2023:05:51:31 +0000] "DELETE /delete/649d06f7d25a1253baaeb47b HTTP/1.1" 200 50 "-" "PostmanRuntime/7.32.2"
::1 - - [29/Jun/2023:05:51:39 +0000] "GET /getlist HTTP/1.1" 200 462 "-" "PostmanRuntime/7.32.2"
::1 - - [29/Jun/2023:05:51:39 +0000] "GET /getlist HTTP/1.1" 200 462 "-" "PostmanRuntime/7.32.2"
::1 - - [29/Jun/2023:05:52:01 +0000] "DELETE /delete/649d06f7d25a1253baaeb47b HTTP/1.1" 200 50 "-" "PostmanRuntime/7.32.2"
::1 - - [29/Jun/2023:05:52:01 +0000] "DELETE /delete/649d06f7d25a1253baaeb47b HTTP/1.1" 200 50 "-" "PostmanRuntime/7.32.2"
::1 - - [29/Jun/2023:05:52:04 +0000] "DELETE /delete/649d06f7d25a1253baaeb47b HTTP/1.1" 200 50 "-" "PostmanRuntime/7.32.2"
::1 - - [29/Jun/2023:05:52:04 +0000] "DELETE /delete/649d06f7d25a1253baaeb47b HTTP/1.1" 200 50 "-" "PostmanRuntime/7.32.2"
::1 - - [29/Jun/2023:05:52:05 +0000] "DELETE /delete/649d06f7d25a1253baaeb47b HTTP/1.1" 200 50 "-" "PostmanRuntime/7.32.2"
::1 - - [29/Jun/2023:05:52:05 +0000] "DELETE /delete/649d06f7d25a1253baaeb47b HTTP/1.1" 200 50 "-" "PostmanRuntime/7.32.2"
::1 - - [29/Jun/2023:05:52:09 +0000] "GET /getlist HTTP/1.1" 200 462 "-" "PostmanRuntime/7.32.2"
::1 - - [29/Jun/2023:05:52:09 +0000] "GET /getlist HTTP/1.1" 200 462 "-" "PostmanRuntime/7.32.2"
::1 - - [29/Jun/2023:05:59:08 +0000] "PATCH /update/649d06f7d25a1253baaeb47b HTTP/1.1" 401 12 "-" "PostmanRuntime/7.32.2"
::1 - - [29/Jun/2023:05:59:28 +0000] "PATCH /update/649d06f7d25a1253baaeb47b HTTP/1.1" 200 69 "-" "PostmanRuntime/7.32.2"
::1 - - [29/Jun/2023:05:59:28 +0000] "PATCH /update/649d06f7d25a1253baaeb47b HTTP/1.1" 200 69 "-" "PostmanRuntime/7.32.2"
::1 - - [29/Jun/2023:05:59:37 +0000] "GET /getlist HTTP/1.1" 200 462 "-" "PostmanRuntime/7.32.2"
::1 - - [29/Jun/2023:05:59:37 +0000] "GET /getlist HTTP/1.1" 200 462 "-" "PostmanRuntime/7.32.2"
::1 - - [29/Jun/2023:06:00:49 +0000] "PATCH /update/649d051210e15e02c10e3e9d HTTP/1.1" 200 69 "-" "PostmanRuntime/7.32.2"
::1 - - [29/Jun/2023:06:00:49 +0000] "PATCH /update/649d051210e15e02c10e3e9d HTTP/1.1" 200 69 "-" "PostmanRuntime/7.32.2"
::1 - - [29/Jun/2023:06:00:53 +0000] "GET /getlist HTTP/1.1" 200 462 "-" "PostmanRuntime/7.32.2"
::1 - - [29/Jun/2023:06:00:53 +0000] "GET /getlist HTTP/1.1" 200 462 "-" "PostmanRuntime/7.32.2"
::1 - - [29/Jun/2023:06:00:56 +0000] "GET /getlist HTTP/1.1" 200 462 "-" "PostmanRuntime/7.32.2"
::1 - - [29/Jun/2023:06:00:56 +0000] "GET /getlist HTTP/1.1" 200 462 "-" "PostmanRuntime/7.32.2"
::1 - - [29/Jun/2023:06:01:03 +0000] "PATCH /update/649d051210e15e02c10e3e9d HTTP/1.1" 200 69 "-" "PostmanRuntime/7.32.2"
::1 - - [29/Jun/2023:06:01:03 +0000] "PATCH /update/649d051210e15e02c10e3e9d HTTP/1.1" 200 69 "-" "PostmanRuntime/7.32.2"
::1 - - [29/Jun/2023:06:01:38 +0000] "PATCH /update/649d051210e15e02c10e3e9d HTTP/1.1" 200 69 "-" "PostmanRuntime/7.32.2"
::1 - - [29/Jun/2023:06:01:38 +0000] "PATCH /update/649d051210e15e02c10e3e9d HTTP/1.1" 200 69 "-" "PostmanRuntime/7.32.2"
::1 - - [29/Jun/2023:06:01:42 +0000] "GET /getlist HTTP/1.1" 200 462 "-" "PostmanRuntime/7.32.2"
::1 - - [29/Jun/2023:06:01:42 +0000] "GET /getlist HTTP/1.1" 200 462 "-" "PostmanRuntime/7.32.2"
::1 - - [29/Jun/2023:06:02:20 +0000] "PATCH /update/649d051210e15e02c10e3e9d HTTP/1.1" 200 69 "-" "PostmanRuntime/7.32.2"
::1 - - [29/Jun/2023:06:02:20 +0000] "PATCH /update/649d051210e15e02c10e3e9d HTTP/1.1" 200 69 "-" "PostmanRuntime/7.32.2"
::1 - - [29/Jun/2023:06:02:28 +0000] "GET /getlist HTTP/1.1" 200 462 "-" "PostmanRuntime/7.32.2"
::1 - - [29/Jun/2023:06:02:28 +0000] "GET /getlist HTTP/1.1" 200 462 "-" "PostmanRuntime/7.32.2"
::1 - - [29/Jun/2023:06:04:35 +0000] "PATCH /update/649be4f72e7a29cdf5638387 HTTP/1.1" 200 69 "-" "PostmanRuntime/7.32.2"
::1 - - [29/Jun/2023:06:04:35 +0000] "PATCH /update/649be4f72e7a29cdf5638387 HTTP/1.1" 200 69 "-" "PostmanRuntime/7.32.2"
::1 - - [29/Jun/2023:06:07:29 +0000] "PATCH /update/649be4f72e7a29cdf5638387 HTTP/1.1" 200 69 "-" "PostmanRuntime/7.32.2"
::1 - - [29/Jun/2023:06:07:29 +0000] "PATCH /update/649be4f72e7a29cdf5638387 HTTP/1.1" 200 69 "-" "PostmanRuntime/7.32.2"
::1 - - [29/Jun/2023:06:07:32 +0000] "PATCH /update/649be4f72e7a29cdf5638387 HTTP/1.1" 200 69 "-" "PostmanRuntime/7.32.2"
::1 - - [29/Jun/2023:06:07:32 +0000] "PATCH /update/649be4f72e7a29cdf5638387 HTTP/1.1" 200 69 "-" "PostmanRuntime/7.32.2"
::1 - - [29/Jun/2023:06:07:37 +0000] "GET /getlist HTTP/1.1" 200 462 "-" "PostmanRuntime/7.32.2"
::1 - - [29/Jun/2023:06:07:37 +0000] "GET /getlist HTTP/1.1" 200 462 "-" "PostmanRuntime/7.32.2"
::1 - - [29/Jun/2023:06:08:03 +0000] "POST /create HTTP/1.1" 200 46 "-" "PostmanRuntime/7.32.2"
::1 - - [29/Jun/2023:06:08:03 +0000] "POST /create HTTP/1.1" 200 46 "-" "PostmanRuntime/7.32.2"
::1 - - [29/Jun/2023:06:08:07 +0000] "GET /getlist HTTP/1.1" 200 688 "-" "PostmanRuntime/7.32.2"
::1 - - [29/Jun/2023:06:08:07 +0000] "GET /getlist HTTP/1.1" 200 688 "-" "PostmanRuntime/7.32.2"
::1 - - [29/Jun/2023:06:08:47 +0000] "PATCH /update/649d1fc3c4adb7ca236d4545 HTTP/1.1" 200 69 "-" "PostmanRuntime/7.32.2"
::1 - - [29/Jun/2023:06:08:47 +0000] "PATCH /update/649d1fc3c4adb7ca236d4545 HTTP/1.1" 200 69 "-" "PostmanRuntime/7.32.2"
::1 - - [29/Jun/2023:06:11:54 +0000] "PATCH /update/649be4f72e7a29cdf5638387 HTTP/1.1" 200 69 "-" "PostmanRuntime/7.32.2"
::1 - - [29/Jun/2023:06:11:54 +0000] "PATCH /update/649be4f72e7a29cdf5638387 HTTP/1.1" 200 69 "-" "PostmanRuntime/7.32.2"
::1 - - [29/Jun/2023:06:13:22 +0000] "PATCH /update/649be4f72e7a29cdf5638387 HTTP/1.1" 200 69 "-" "PostmanRuntime/7.32.2"
::1 - - [29/Jun/2023:06:13:22 +0000] "PATCH /update/649be4f72e7a29cdf5638387 HTTP/1.1" 200 69 "-" "PostmanRuntime/7.32.2"
::1 - - [29/Jun/2023:06:14:06 +0000] "PATCH /update/649be4f72e7a29cdf5638387 HTTP/1.1" 200 69 "-" "PostmanRuntime/7.32.2"
::1 - - [29/Jun/2023:06:14:06 +0000] "PATCH /update/649be4f72e7a29cdf5638387 HTTP/1.1" 200 69 "-" "PostmanRuntime/7.32.2"
::1 - - [29/Jun/2023:06:14:38 +0000] "GET /getlist HTTP/1.1" 200 679 "-" "PostmanRuntime/7.32.2"
::1 - - [29/Jun/2023:06:14:38 +0000] "GET /getlist HTTP/1.1" 200 679 "-" "PostmanRuntime/7.32.2"
::1 - - [29/Jun/2023:06:15:03 +0000] "PATCH /update/649be4f72e7a29cdf5638387 HTTP/1.1" 200 69 "-" "PostmanRuntime/7.32.2"
::1 - - [29/Jun/2023:06:15:03 +0000] "PATCH /update/649be4f72e7a29cdf5638387 HTTP/1.1" 200 69 "-" "PostmanRuntime/7.32.2"
::1 - - [29/Jun/2023:06:15:15 +0000] "GET /getlist HTTP/1.1" 200 679 "-" "PostmanRuntime/7.32.2"
::1 - - [29/Jun/2023:06:15:15 +0000] "GET /getlist HTTP/1.1" 200 679 "-" "PostmanRuntime/7.32.2"
::1 - - [29/Jun/2023:06:15:31 +0000] "GET /getlist HTTP/1.1" 200 679 "-" "PostmanRuntime/7.32.2"
::1 - - [29/Jun/2023:06:15:31 +0000] "GET /getlist HTTP/1.1" 200 679 "-" "PostmanRuntime/7.32.2"
::1 - - [29/Jun/2023:06:15:35 +0000] "GET /getlist HTTP/1.1" 200 679 "-" "PostmanRuntime/7.32.2"
::1 - - [29/Jun/2023:06:15:35 +0000] "GET /getlist HTTP/1.1" 200 679 "-" "PostmanRuntime/7.32.2"
::1 - - [29/Jun/2023:06:15:39 +0000] "PATCH /update/649be4f72e7a29cdf5638387 HTTP/1.1" 200 69 "-" "PostmanRuntime/7.32.2"
::1 - - [29/Jun/2023:06:15:39 +0000] "PATCH /update/649be4f72e7a29cdf5638387 HTTP/1.1" 200 69 "-" "PostmanRuntime/7.32.2"
::1 - - [29/Jun/2023:06:15:42 +0000] "GET /getlist HTTP/1.1" 200 676 "-" "PostmanRuntime/7.32.2"
::1 - - [29/Jun/2023:06:15:42 +0000] "GET /getlist HTTP/1.1" 200 676 "-" "PostmanRuntime/7.32.2"
